Flow report for pip_top
Tue May 24 22:09:11 2016
Quartus II 64-Bit Version 13.0.0 Build 156 04/24/2013 SJ Web Edition


---------------------
; Table of Contents ;
---------------------
  1. Legal Notice
  2. Flow Summary
  3. Flow Settings
  4. Flow Non-Default Global Settings
  5. Flow Elapsed Time
  6. Flow OS Summary
  7. Flow Log
  8. Flow Messages
  9. Flow Suppressed Messages



----------------
; Legal Notice ;
----------------
Copyright (C) 1991-2013 Altera Corporation
Your use of Altera Corporation's design tools, logic functions 
and other software and tools, and its AMPP partner logic 
functions, and any output files from any of the foregoing 
(including device programming or simulation files), and any 
associated documentation or information are expressly subject 
to the terms and conditions of the Altera Program License 
Subscription Agreement, Altera MegaCore Function License 
Agreement, or other applicable license agreement, including, 
without limitation, that your use is for the sole purpose of 
programming logic devices manufactured by Altera and sold by 
Altera or its authorized distributors.  Please refer to the 
applicable agreement for further details.



+---------------------------------------------------------------------------------+
; Flow Summary                                                                    ;
+------------------------------------+--------------------------------------------+
; Flow Status                        ; Successful - Tue May 24 22:09:08 2016      ;
; Quartus II 64-Bit Version          ; 13.0.0 Build 156 04/24/2013 SJ Web Edition ;
; Revision Name                      ; pip_top                                    ;
; Top-level Entity Name              ; pip_top                                    ;
; Family                             ; Cyclone II                                 ;
; Device                             ; EP2C35F672C6                               ;
; Timing Models                      ; Final                                      ;
; Total logic elements               ; 5,314 / 33,216 ( 16 % )                    ;
;     Total combinational functions  ; 4,859 / 33,216 ( 15 % )                    ;
;     Dedicated logic registers      ; 1,475 / 33,216 ( 4 % )                     ;
; Total registers                    ; 1475                                       ;
; Total pins                         ; 68 / 475 ( 14 % )                          ;
; Total virtual pins                 ; 0                                          ;
; Total memory bits                  ; 3,072 / 483,840 ( < 1 % )                  ;
; Embedded Multiplier 9-bit elements ; 0 / 70 ( 0 % )                             ;
; Total PLLs                         ; 0 / 4 ( 0 % )                              ;
+------------------------------------+--------------------------------------------+


+-----------------------------------------+
; Flow Settings                           ;
+-------------------+---------------------+
; Option            ; Setting             ;
+-------------------+---------------------+
; Start date & time ; 05/24/2016 22:08:08 ;
; Main task         ; Compilation         ;
; Revision Name     ; pip_top             ;
+-------------------+---------------------+


+---------------------------------------------------------------------------------------------------------------------------------------------+
; Flow Non-Default Global Settings                                                                                                            ;
+-------------------------------------+------------------------------------------------------------+---------------+-------------+------------+
; Assignment Name                     ; Value                                                      ; Default Value ; Entity Name ; Section Id ;
+-------------------------------------+------------------------------------------------------------+---------------+-------------+------------+
; COMPILER_SIGNATURE_ID               ; 86119735706450.146409888703604                             ; --            ; --          ; --         ;
; ENABLE_SIGNALTAP                    ; On                                                         ; --            ; --          ; --         ;
; IP_TOOL_NAME                        ; RAM: 1-PORT                                                ; --            ; --          ; --         ;
; IP_TOOL_NAME                        ; ROM: 1-PORT                                                ; --            ; --          ; --         ;
; IP_TOOL_VERSION                     ; 13.0                                                       ; --            ; --          ; --         ;
; IP_TOOL_VERSION                     ; 13.0                                                       ; --            ; --          ; --         ;
; MAX_CORE_JUNCTION_TEMP              ; 85                                                         ; --            ; --          ; --         ;
; MIN_CORE_JUNCTION_TEMP              ; 0                                                          ; --            ; --          ; --         ;
; MISC_FILE                           ; lpm_rom_irom_bb.v                                          ; --            ; --          ; --         ;
; PARTITION_COLOR                     ; 16764057                                                   ; --            ; --          ; Top        ;
; PARTITION_COLOR                     ; 16764057                                                   ; --            ; sc_computer ; Top        ;
; PARTITION_FITTER_PRESERVATION_LEVEL ; PLACEMENT_AND_ROUTING                                      ; --            ; --          ; Top        ;
; PARTITION_FITTER_PRESERVATION_LEVEL ; PLACEMENT_AND_ROUTING                                      ; --            ; sc_computer ; Top        ;
; PARTITION_NETLIST_TYPE              ; SOURCE                                                     ; --            ; --          ; Top        ;
; PARTITION_NETLIST_TYPE              ; SOURCE                                                     ; --            ; sc_computer ; Top        ;
; PROJECT_OUTPUT_DIRECTORY            ; output_files                                               ; --            ; --          ; --         ;
; SLD_FILE                            ; E:/FPGA projects/pipelined_computer/stp2_auto_stripped.stp ; --            ; --          ; --         ;
; USE_SIGNALTAP_FILE                  ; stp2.stp                                                   ; --            ; --          ; --         ;
+-------------------------------------+------------------------------------------------------------+---------------+-------------+------------+


+-------------------------------------------------------------------------------------------------------------------------------+
; Flow Elapsed Time                                                                                                             ;
+---------------------------+--------------+-------------------------+---------------------+------------------------------------+
; Module Name               ; Elapsed Time ; Average Processors Used ; Peak Virtual Memory ; Total CPU Time (on all processors) ;
+---------------------------+--------------+-------------------------+---------------------+------------------------------------+
; Analysis & Synthesis      ; 00:00:14     ; 1.0                     ; 524 MB              ; 00:00:14                           ;
; Fitter                    ; 00:00:40     ; 1.0                     ; 817 MB              ; 00:00:40                           ;
; Assembler                 ; 00:00:03     ; 1.0                     ; 461 MB              ; 00:00:02                           ;
; TimeQuest Timing Analyzer ; 00:00:03     ; 1.0                     ; 544 MB              ; 00:00:03                           ;
; Total                     ; 00:01:00     ; --                      ; --                  ; 00:00:59                           ;
+---------------------------+--------------+-------------------------+---------------------+------------------------------------+


+----------------------------------------------------------------------------------------+
; Flow OS Summary                                                                        ;
+---------------------------+------------------+-----------+------------+----------------+
; Module Name               ; Machine Hostname ; OS Name   ; OS Version ; Processor type ;
+---------------------------+------------------+-----------+------------+----------------+
; Analysis & Synthesis      ; DELL             ; Windows 7 ; 6.2        ; x86_64         ;
; Fitter                    ; DELL             ; Windows 7 ; 6.2        ; x86_64         ;
; Assembler                 ; DELL             ; Windows 7 ; 6.2        ; x86_64         ;
; TimeQuest Timing Analyzer ; DELL             ; Windows 7 ; 6.2        ; x86_64         ;
+---------------------------+------------------+-----------+------------+----------------+


------------
; Flow Log ;
------------
quartus_map --read_settings_files=on --write_settings_files=off Pipeline -c pip_top
quartus_fit --read_settings_files=off --write_settings_files=off Pipeline -c pip_top
quartus_asm --read_settings_files=off --write_settings_files=off Pipeline -c pip_top
quartus_sta Pipeline -c pip_top



